{"logTime": "0328/171533", "correlationVector":"BQEraBE8QeTx/m7gF+ssHz","action":"Initial GetUpdates", "result":"", "context":Reason: NEWLY_SUPPORTED_DATATYPE. cV=BQEraBE8QeTx/m7gF+ssHz}
{"logTime": "0328/171533", "correlationVector":"BQEraBE8QeTx/m7gF+ssHz.1","action":"SyncServerConnectionManagerRequest", "result":"SYNC_SERVER_OK", "context":{"environment":"Prod_japaneast_prod-s01-061-apac-japaneast", "migrationStage":"NotStarted", "server":"akswtt112000008"}}
{"logTime": "0328/171533", "correlationVector":"BQEraBE8QeTx/m7gF+ssHz.2","action":"ProcessGetUpdates", "result":"Done", "context":{"dataType":"Bookmarks", "deleted":"0", "process_failed_to_decrypt":"0", "process_pending_decryption":"0", "process_success":"260", "total":"260"}}
{"logTime": "0328/171533", "correlationVector":"BQEraBE8QeTx/m7gF+ssHz.3","action":"GetUpdates Response", "result":"Success", "context":Received 260 update(s). cV=BQEraBE8QeTx/m7gF+ssHz.0;server=akswtt112000008;cloudType=Consumer;environment=Prod_japaneast_prod-s01-061-apac-japaneast;migrationStage=NotStarted Some updates remain.}
{"logTime": "0328/171533", "correlationVector":"gVlyvE29Y3NEVh6HhHodP0","action":"Initial GetUpdates", "result":"", "context":Reason: NEWLY_SUPPORTED_DATATYPE. cV=gVlyvE29Y3NEVh6HhHodP0}
{"logTime": "0328/171534", "correlationVector":"gVlyvE29Y3NEVh6HhHodP0.1","action":"SyncServerConnectionManagerRequest", "result":"SYNC_SERVER_OK", "context":{"environment":"Prod_japaneast_prod-s01-061-apac-japaneast", "migrationStage":"NotStarted", "server":"akswtt112000007"}}
{"logTime": "0328/171534", "correlationVector":"gVlyvE29Y3NEVh6HhHodP0.2","action":"ProcessGetUpdates", "result":"Done", "context":{"dataType":"Bookmarks", "deleted":"0", "process_failed_to_decrypt":"0", "process_pending_decryption":"0", "process_success":"250", "total":"250"}}
{"logTime": "0328/171534", "correlationVector":"gVlyvE29Y3NEVh6HhHodP0.3","action":"GetUpdates Response", "result":"Success", "context":Received 250 update(s). cV=gVlyvE29Y3NEVh6HhHodP0.0;server=akswtt112000007;cloudType=Consumer;environment=Prod_japaneast_prod-s01-061-apac-japaneast;migrationStage=NotStarted Some updates remain.}
{"logTime": "0328/171534", "correlationVector":"VbyWEQFg0CZUXl932RHuIM","action":"Initial GetUpdates", "result":"", "context":Reason: NEWLY_SUPPORTED_DATATYPE. cV=VbyWEQFg0CZUXl932RHuIM}
{"logTime": "0328/171534", "correlationVector":"VbyWEQFg0CZUXl932RHuIM.1","action":"SyncServerConnectionManagerRequest", "result":"SYNC_SERVER_OK", "context":{"environment":"Prod_japaneast_prod-s01-061-apac-japaneast", "migrationStage":"NotStarted", "server":"akswtt112000003"}}
{"logTime": "0328/171534", "correlationVector":"VbyWEQFg0CZUXl932RHuIM.2","action":"ProcessGetUpdates", "result":"Done", "context":{"dataType":"Bookmarks", "deleted":"0", "process_failed_to_decrypt":"0", "process_pending_decryption":"0", "process_success":"250", "total":"250"}}
{"logTime": "0328/171534", "correlationVector":"VbyWEQFg0CZUXl932RHuIM.3","action":"GetUpdates Response", "result":"Success", "context":Received 250 update(s). cV=VbyWEQFg0CZUXl932RHuIM.0;server=akswtt112000003;cloudType=Consumer;environment=Prod_japaneast_prod-s01-061-apac-japaneast;migrationStage=NotStarted Some updates remain.}
{"logTime": "0328/171534", "correlationVector":"yUu2t6DESevVFyIBOaI5rD","action":"Initial GetUpdates", "result":"", "context":Reason: NEWLY_SUPPORTED_DATATYPE. cV=yUu2t6DESevVFyIBOaI5rD}
{"logTime": "0328/171535", "correlationVector":"yUu2t6DESevVFyIBOaI5rD.1","action":"SyncServerConnectionManagerRequest", "result":"SYNC_SERVER_OK", "context":{"environment":"Prod_japaneast_prod-s01-061-apac-japaneast", "migrationStage":"NotStarted", "server":"akswtt11200000u"}}
{"logTime": "0328/171535", "correlationVector":"yUu2t6DESevVFyIBOaI5rD.2","action":"ProcessGetUpdates", "result":"Done", "context":{"dataType":"Bookmarks", "deleted":"0", "process_failed_to_decrypt":"0", "process_pending_decryption":"0", "process_success":"250", "total":"250"}}
{"logTime": "0328/171535", "correlationVector":"yUu2t6DESevVFyIBOaI5rD.3","action":"GetUpdates Response", "result":"Success", "context":Received 250 update(s). cV=yUu2t6DESevVFyIBOaI5rD.0;server=akswtt11200000u;cloudType=Consumer;environment=Prod_japaneast_prod-s01-061-apac-japaneast;migrationStage=NotStarted Some updates remain.}
{"logTime": "0328/171535", "correlationVector":"bxIwLMKTwwNEaXq9KIXkB/","action":"Initial GetUpdates", "result":"", "context":Reason: NEWLY_SUPPORTED_DATATYPE. cV=bxIwLMKTwwNEaXq9KIXkB/}
{"logTime": "0328/171535", "correlationVector":"bxIwLMKTwwNEaXq9KIXkB/.1","action":"SyncServerConnectionManagerRequest", "result":"SYNC_SERVER_OK", "context":{"environment":"Prod_japaneast_prod-s01-061-apac-japaneast", "migrationStage":"NotStarted", "server":"akswtt11200001j"}}
{"logTime": "0328/171535", "correlationVector":"bxIwLMKTwwNEaXq9KIXkB/.2","action":"ProcessGetUpdates", "result":"Done", "context":{"dataType":"Bookmarks", "deleted":"0", "process_failed_to_decrypt":"0", "process_pending_decryption":"0", "process_success":"131", "total":"131"}}
{"logTime": "0328/171535", "correlationVector":"bxIwLMKTwwNEaXq9KIXkB/.3","action":"GetUpdates Response", "result":"Success", "context":Received 131 update(s). cV=bxIwLMKTwwNEaXq9KIXkB/.0;server=akswtt11200001j;cloudType=Consumer;environment=Prod_japaneast_prod-s01-061-apac-japaneast;migrationStage=NotStarted}
{"logTime": "0328/171536", "correlationVector":"6qmGDHS+U0T3GZKDtX6Wxc","action":"SyncServerConnectionManagerRequest", "result":"SYNC_SERVER_OK", "context":{"environment":"", "migrationStage":"", "server":""}}
{"logTime": "0328/171536", "correlationVector":"6qmGDHS+U0T3GZKDtX6Wxc.0","action":"EncryptionKeysFetcher.DownloadKeys:", "result":"Success", "context":Key count: 10, Last key timestamp: 2026-01-14T04:59:34Z}
{"logTime": "0328/171536", "correlationVector":"6qmGDHS+U0T3GZKDtX6Wxc.1","action":"EncryptionKeysManager::SetEncryptionKeys:", "result":"Success", "context":Key names[10]:[azfSdMVTKCSjAuhNS7n5EcYXxHoXZl6583eptmAaST6P1e7+/akADSZQIxSbZaCVkCR1+DsjPrAQoYzhqd5Fvg==][1X/y6C25eILXZuFBltR43c2LH6MmDsHdTpHozy7In5ZniqTf5FIUR91vGqnI8kTHAFUSVXz3iKL/kfIEpxRb6g==][dZwv8AVHrbaLcJyPffb0Tq1XQwrSmnZuUiqD/TcraaTgg/0VGfKAXUzv41amIx/uPlbn/JCxBPYkFkqaIMdiIg==][UFU1TtTcDiAQaar4jpo9la4L1JfOlWZGV52B1pRkwuzfo09texd+ZsnAHQpIgwf2Y2IEu1KXDjXKgGKMpOmN1A==][SZKsEry73qTyf5aca5TJh3/HkBpTJYHjtCETHPPZsiDQyyMbGmB/78UR9n4GqbPvpE1SRryvHP1f4ilp+oXwOA==][rqUdYTHVJpnrutdgVuizsk0bJQlv9CuusBSuV9g1sREgiWoXSx87bHEXtZP6tKmDvFyOyCyZceUhgC2HYgUsNw==][xSPXflQ8RH+1BqYo5iarw6gx7G08zm8nXX3xrEsKcjuwv4OzD07Xy/OoLGqWOPDP9aamdgLrmIyurXhQPq/ffg==][Jd5fZg6mnGDgU4qnkfEgVH3Z4REEXtvvHzdguQRtWDIRu3Kv5Rta1G5ZoQc34XZS0UAIDMD2qCNMZIavb8+Nxw==][9Js4EwzaD8qJrCzI/zRbkxC6huDYy9eWMISraMqyf1ie+8cV9rRDL6lSPRv05x/zKFA1QYKCASffXyMm68j4rg==][rNQFymUKKetz70PjRsDdI2vLToaN5QVrc58uGU/QOhJch1nWrAqcA1mmCvyQNWzeAZruKzPjG5GDyBJwBTLYLw==]}
{"logTime": "0328/171536", "correlationVector":"6qmGDHS+U0T3GZKDtX6Wxc.2","action":"EncryptionKeysManager::SetEncryptionKeysWithTimestamps:", "result":"Success", "context":Key timestamps[10]:[2022-01-06T03:15:48Z][2022-01-28T08:09:31Z][2022-07-27T15:55:24Z][2023-01-25T06:13:45Z][2023-07-25T12:25:53Z][2024-01-22T16:07:33Z][2024-07-21T04:51:15Z][2025-01-18T12:40:09Z][2025-07-18T01:34:13Z][2026-01-14T04:59:34Z]}
{"logTime": "0328/171536", "correlationVector":"ieTvFcXIcKEqkuWrj1ZmRx","action":"Initial GetUpdates", "result":"", "context":Reason: NEWLY_SUPPORTED_DATATYPE. cV=ieTvFcXIcKEqkuWrj1ZmRx}
{"logTime": "0328/171536", "correlationVector":"ieTvFcXIcKEqkuWrj1ZmRx.1","action":"SyncServerConnectionManagerRequest", "result":"SYNC_SERVER_OK", "context":{"environment":"Prod_japaneast_prod-s01-061-apac-japaneast", "migrationStage":"NotStarted", "server":"akswtt11200001b"}}
{"logTime": "0328/171536", "correlationVector":"ieTvFcXIcKEqkuWrj1ZmRx.2","action":"ProcessGetUpdates", "result":"Done", "context":{"dataType":"Extensions", "deleted":"0", "process_failed_to_decrypt":"0", "process_pending_decryption":"0", "process_success":"3", "total":"3"}}
{"logTime": "0328/171536", "correlationVector":"ieTvFcXIcKEqkuWrj1ZmRx.3","action":"ProcessGetUpdates", "result":"Done", "context":{"dataType":"Sessions", "deleted":"242", "process_failed_to_decrypt":"0", "process_pending_decryption":"0", "process_success":"242", "total":"242"}}
{"logTime": "0328/171536", "correlationVector":"ieTvFcXIcKEqkuWrj1ZmRx.4","action":"ProcessGetUpdates", "result":"Done", "context":{"dataType":"Edge Hub App Usage", "deleted":"3", "process_failed_to_decrypt":"0", "process_pending_decryption":"0", "process_success":"5", "total":"5"}}
{"logTime": "0328/171536", "correlationVector":"ieTvFcXIcKEqkuWrj1ZmRx.5","action":"GetUpdates Response", "result":"Success", "context":Received 250 update(s). cV=ieTvFcXIcKEqkuWrj1ZmRx.0;server=akswtt11200001b;cloudType=Consumer;environment=Prod_japaneast_prod-s01-061-apac-japaneast;migrationStage=NotStarted Some updates remain.}
{"logTime": "0328/171536", "correlationVector":"G/FLR551uou0WXkso5DOac","action":"Initial GetUpdates", "result":"", "context":Reason: NEWLY_SUPPORTED_DATATYPE. cV=G/FLR551uou0WXkso5DOac}
{"logTime": "0328/171537", "correlationVector":"G/FLR551uou0WXkso5DOac.1","action":"SyncServerConnectionManagerRequest", "result":"SYNC_SERVER_OK", "context":{"environment":"Prod_japaneast_prod-s01-061-apac-japaneast", "migrationStage":"NotStarted", "server":"akswtt11200001j"}}
{"logTime": "0328/171537", "correlationVector":"G/FLR551uou0WXkso5DOac.2","action":"ProcessGetUpdates", "result":"Done", "context":{"dataType":"Extensions", "deleted":"0", "process_failed_to_decrypt":"0", "process_pending_decryption":"0", "process_success":"1", "total":"1"}}
{"logTime": "0328/171537", "correlationVector":"G/FLR551uou0WXkso5DOac.3","action":"ProcessGetUpdates", "result":"Done", "context":{"dataType":"Sessions", "deleted":"72", "process_failed_to_decrypt":"0", "process_pending_decryption":"0", "process_success":"83", "total":"83"}}
{"logTime": "0328/171537", "correlationVector":"G/FLR551uou0WXkso5DOac.4","action":"GetUpdates Response", "result":"Success", "context":Received 84 update(s). cV=G/FLR551uou0WXkso5DOac.0;server=akswtt11200001j;cloudType=Consumer;environment=Prod_japaneast_prod-s01-061-apac-japaneast;migrationStage=NotStarted}
{"logTime": "0328/171537", "correlationVector":"/vjBh9lf4n5tx6wgxDM9y5","action":"Initial GetUpdates", "result":"", "context":Reason: NEWLY_SUPPORTED_DATATYPE. cV=/vjBh9lf4n5tx6wgxDM9y5}
{"logTime": "0328/171537", "correlationVector":"/vjBh9lf4n5tx6wgxDM9y5.1","action":"SyncServerConnectionManagerRequest", "result":"SYNC_SERVER_OK", "context":{"environment":"Prod_japaneast_prod-s01-061-apac-japaneast", "migrationStage":"NotStarted", "server":"akswtt112000008"}}
{"logTime": "0328/171537", "correlationVector":"/vjBh9lf4n5tx6wgxDM9y5.2","action":"ProcessGetUpdates", "result":"Done", "context":{"dataType":"Passwords", "deleted":"0", "process_failed_to_decrypt":"0", "process_pending_decryption":"0", "process_success":"250", "total":"250"}}
{"logTime": "0328/171537", "correlationVector":"/vjBh9lf4n5tx6wgxDM9y5.3","action":"GetUpdates Response", "result":"Success", "context":Received 250 update(s). cV=/vjBh9lf4n5tx6wgxDM9y5.0;server=akswtt112000008;cloudType=Consumer;environment=Prod_japaneast_prod-s01-061-apac-japaneast;migrationStage=NotStarted Some updates remain.}
{"logTime": "0328/171537", "correlationVector":"RMZ8MXHpeq+zKvF8Og7Wzf","action":"Initial GetUpdates", "result":"", "context":Reason: NEWLY_SUPPORTED_DATATYPE. cV=RMZ8MXHpeq+zKvF8Og7Wzf}
{"logTime": "0328/171537", "correlationVector":"RMZ8MXHpeq+zKvF8Og7Wzf.1","action":"SyncServerConnectionManagerRequest", "result":"SYNC_SERVER_OK", "context":{"environment":"Prod_japaneast_prod-s01-061-apac-japaneast", "migrationStage":"NotStarted", "server":"akswtt112000009"}}
{"logTime": "0328/171537", "correlationVector":"RMZ8MXHpeq+zKvF8Og7Wzf.2","action":"ProcessGetUpdates", "result":"Done", "context":{"dataType":"Passwords", "deleted":"0", "process_failed_to_decrypt":"0", "process_pending_decryption":"0", "process_success":"20", "total":"20"}}
{"logTime": "0328/171537", "correlationVector":"RMZ8MXHpeq+zKvF8Og7Wzf.3","action":"GetUpdates Response", "result":"Success", "context":Received 20 update(s). cV=RMZ8MXHpeq+zKvF8Og7Wzf.0;server=akswtt112000009;cloudType=Consumer;environment=Prod_japaneast_prod-s01-061-apac-japaneast;migrationStage=NotStarted}
{"logTime": "0328/171537", "correlationVector":"yjYrSdaU2NmXrqJyRavAmX","action":"Initial GetUpdates", "result":"", "context":Reason: NEWLY_SUPPORTED_DATATYPE. cV=yjYrSdaU2NmXrqJyRavAmX}
{"logTime": "0328/171538", "correlationVector":"yjYrSdaU2NmXrqJyRavAmX.1","action":"SyncServerConnectionManagerRequest", "result":"SYNC_SERVER_OK", "context":{"environment":"Prod_japaneast_prod-s01-061-apac-japaneast", "migrationStage":"NotStarted", "server":"akswtt112000007"}}
{"logTime": "0328/171538", "correlationVector":"yjYrSdaU2NmXrqJyRavAmX.2","action":"ProcessGetUpdates", "result":"Done", "context":{"dataType":"Autofill Profiles", "deleted":"0", "process_failed_to_decrypt":"0", "process_pending_decryption":"0", "process_success":"3", "total":"3"}}
{"logTime": "0328/171538", "correlationVector":"yjYrSdaU2NmXrqJyRavAmX.3","action":"ProcessGetUpdates", "result":"Done", "context":{"dataType":"Autofill", "deleted":"0", "process_failed_to_decrypt":"0", "process_pending_decryption":"0", "process_success":"247", "total":"247"}}
{"logTime": "0328/171538", "correlationVector":"yjYrSdaU2NmXrqJyRavAmX.4","action":"GetUpdates Response", "result":"Success", "context":Received 250 update(s). cV=yjYrSdaU2NmXrqJyRavAmX.0;server=akswtt112000007;cloudType=Consumer;environment=Prod_japaneast_prod-s01-061-apac-japaneast;migrationStage=NotStarted Some updates remain.}
{"logTime": "0328/171538", "correlationVector":"pUSvNiJUzf45sozryIdP/o","action":"Initial GetUpdates", "result":"", "context":Reason: NEWLY_SUPPORTED_DATATYPE. cV=pUSvNiJUzf45sozryIdP/o}
{"logTime": "0328/171538", "correlationVector":"pUSvNiJUzf45sozryIdP/o.1","action":"SyncServerConnectionManagerRequest", "result":"SYNC_SERVER_OK", "context":{"environment":"Prod_japaneast_prod-s01-061-apac-japaneast", "migrationStage":"NotStarted", "server":"akswtt112000009"}}
{"logTime": "0328/171538", "correlationVector":"pUSvNiJUzf45sozryIdP/o.2","action":"ProcessGetUpdates", "result":"Done", "context":{"dataType":"Autofill", "deleted":"0", "process_failed_to_decrypt":"0", "process_pending_decryption":"0", "process_success":"144", "total":"144"}}
{"logTime": "0328/171538", "correlationVector":"pUSvNiJUzf45sozryIdP/o.3","action":"GetUpdates Response", "result":"Success", "context":Received 144 update(s). cV=pUSvNiJUzf45sozryIdP/o.0;server=akswtt112000009;cloudType=Consumer;environment=Prod_japaneast_prod-s01-061-apac-japaneast;migrationStage=NotStarted}
{"logTime": "0328/171539", "correlationVector":"JJ4mfLpaVY2s/BN+pPT+jZ","action":"Initial GetUpdates", "result":"", "context":Reason: NEWLY_SUPPORTED_DATATYPE. cV=JJ4mfLpaVY2s/BN+pPT+jZ}
{"logTime": "0328/171539", "correlationVector":"JJ4mfLpaVY2s/BN+pPT+jZ.1","action":"SyncServerConnectionManagerRequest", "result":"SYNC_SERVER_OK", "context":{"environment":"Prod_japaneast_prod-s01-061-apac-japaneast", "migrationStage":"NotStarted", "server":"akswtt112000009"}}
{"logTime": "0328/171539", "correlationVector":"JJ4mfLpaVY2s/BN+pPT+jZ.2","action":"ProcessGetUpdates", "result":"Done", "context":{"dataType":"History", "deleted":"0", "process_failed_to_decrypt":"0", "process_pending_decryption":"0", "process_success":"250", "total":"250"}}
{"logTime": "0328/171539", "correlationVector":"JJ4mfLpaVY2s/BN+pPT+jZ.3","action":"GetUpdates Response", "result":"Success", "context":Received 250 update(s). cV=JJ4mfLpaVY2s/BN+pPT+jZ.0;server=akswtt112000009;cloudType=Consumer;environment=Prod_japaneast_prod-s01-061-apac-japaneast;migrationStage=NotStarted Some updates remain.}
{"logTime": "0328/171539", "correlationVector":"xRQDV0Sy8yRmYhIZzQJ0j1","action":"Initial GetUpdates", "result":"", "context":Reason: NEWLY_SUPPORTED_DATATYPE. cV=xRQDV0Sy8yRmYhIZzQJ0j1}
{"logTime": "0328/171539", "correlationVector":"xRQDV0Sy8yRmYhIZzQJ0j1.1","action":"SyncServerConnectionManagerRequest", "result":"SYNC_SERVER_OK", "context":{"environment":"Prod_japaneast_prod-s01-061-apac-japaneast", "migrationStage":"NotStarted", "server":"akswtt11200001b"}}
{"logTime": "0328/171539", "correlationVector":"xRQDV0Sy8yRmYhIZzQJ0j1.2","action":"ProcessGetUpdates", "result":"Done", "context":{"dataType":"History", "deleted":"0", "process_failed_to_decrypt":"0", "process_pending_decryption":"0", "process_success":"73", "total":"73"}}
{"logTime": "0328/171539", "correlationVector":"xRQDV0Sy8yRmYhIZzQJ0j1.3","action":"GetUpdates Response", "result":"Success", "context":Received 73 update(s). cV=xRQDV0Sy8yRmYhIZzQJ0j1.0;server=akswtt11200001b;cloudType=Consumer;environment=Prod_japaneast_prod-s01-061-apac-japaneast;migrationStage=NotStarted}
{"logTime": "0328/171539", "correlationVector":"HiW7Aqf8lB55110vQq2DkB","action":"Normal GetUpdate request", "result":"", "context":cV=HiW7Aqf8lB55110vQq2DkB
Nudged types: Preferences, Sessions, Device Info, User Consents
Refresh requested types: Bookmarks, Preferences, Passwords, Autofill Profiles, Autofill, Extensions, Sessions, Extension settings, History Delete Directives, Device Info, User Consents, Send Tab To Self, Web Apps, History, Saved Tab Group, WebAuthn Credentials, Collection, Edge E Drop, Edge Hub App Usage, Edge Wallet, Edge Workspace, Encryption Keys}
{"logTime": "0328/171540", "correlationVector":"HiW7Aqf8lB55110vQq2DkB.1","action":"SyncServerConnectionManagerRequest", "result":"SYNC_SERVER_OK", "context":{"environment":"Prod_japaneast_prod-s01-061-apac-japaneast", "migrationStage":"NotStarted", "server":"akswtt11200001j"}}
{"logTime": "0328/171540", "correlationVector":"HiW7Aqf8lB55110vQq2DkB.2","action":"GetUpdates Response", "result":"Success", "context":Received 0 update(s). cV=HiW7Aqf8lB55110vQq2DkB.0;server=akswtt11200001j;cloudType=Consumer;environment=Prod_japaneast_prod-s01-061-apac-japaneast;migrationStage=NotStarted}
{"logTime": "0328/171541", "correlationVector":"oPWJUE7xqArtEhMRhqg0yh","action":"Commit Request", "result":"", "context":Item count: 9
Contributing types: Preferences, Sessions, Device Info, User Consents, History}
{"logTime": "0328/171541", "correlationVector":"oPWJUE7xqArtEhMRhqg0yh.1","action":"SyncServerConnectionManagerRequest", "result":"SYNC_SERVER_OK", "context":{"environment":"Prod_japaneast_prod-s01-061-apac-japaneast", "migrationStage":"NotStarted", "server":"akswtt11200001j"}}
{"logTime": "0328/171541", "correlationVector":"oPWJUE7xqArtEhMRhqg0yh.2","action":"Commit Response", "result":"Success", "context":Result: Success. cV=oPWJUE7xqArtEhMRhqg0yh.0;server=akswtt11200001j;cloudType=Consumer;environment=Prod_japaneast_prod-s01-061-apac-japaneast;migrationStage=NotStarted}
{"logTime": "0328/171542", "correlationVector":"DJW67yhmYuHK38oAFh7AxZ","action":"Commit Request", "result":"", "context":Item count: 1
Contributing types: Sessions}
{"logTime": "0328/171542", "correlationVector":"DJW67yhmYuHK38oAFh7AxZ.1","action":"SyncServerConnectionManagerRequest", "result":"SYNC_SERVER_OK", "context":{"environment":"Prod_japaneast_prod-s01-061-apac-japaneast", "migrationStage":"NotStarted", "server":"akswtt11200000f"}}
{"logTime": "0328/171542", "correlationVector":"DJW67yhmYuHK38oAFh7AxZ.2","action":"Commit Response", "result":"Success", "context":Result: Success. cV=DJW67yhmYuHK38oAFh7AxZ.0;server=akswtt11200000f;cloudType=Consumer;environment=Prod_japaneast_prod-s01-061-apac-japaneast;migrationStage=NotStarted}
{"logTime": "0328/171545", "correlationVector":"3Ht52sAVs8wLGbdmX89xKR","action":"Commit Request", "result":"", "context":Item count: 40
Contributing types: Passwords}
{"logTime": "0328/171546", "correlationVector":"3Ht52sAVs8wLGbdmX89xKR.1","action":"SyncServerConnectionManagerRequest", "result":"SYNC_SERVER_OK", "context":{"environment":"Prod_japaneast_prod-s01-061-apac-japaneast", "migrationStage":"NotStarted", "server":"akswtt11200001j"}}
{"logTime": "0328/171546", "correlationVector":"3Ht52sAVs8wLGbdmX89xKR.2","action":"Commit Response", "result":"Success", "context":Result: Success. cV=3Ht52sAVs8wLGbdmX89xKR.0;server=akswtt11200001j;cloudType=Consumer;environment=Prod_japaneast_prod-s01-061-apac-japaneast;migrationStage=NotStarted}
{"logTime": "0328/171546", "correlationVector":"BMSJe0ISDSJSyl4RojppEC","action":"Commit Request", "result":"", "context":Item count: 40
Contributing types: Passwords}
{"logTime": "0328/171548", "correlationVector":"BMSJe0ISDSJSyl4RojppEC.1","action":"SyncServerConnectionManagerRequest", "result":"SYNC_SERVER_OK", "context":{"environment":"Prod_japaneast_prod-s01-061-apac-japaneast", "migrationStage":"NotStarted", "server":"akswtt11200001b"}}
{"logTime": "0328/171548", "correlationVector":"BMSJe0ISDSJSyl4RojppEC.2","action":"Commit Response", "result":"Success", "context":Result: Success. cV=BMSJe0ISDSJSyl4RojppEC.0;server=akswtt11200001b;cloudType=Consumer;environment=Prod_japaneast_prod-s01-061-apac-japaneast;migrationStage=NotStarted}
{"logTime": "0328/171548", "correlationVector":"rBj7TYs562eEayoFX2H4EQ","action":"Commit Request", "result":"", "context":Item count: 40
Contributing types: Passwords}
{"logTime": "0328/171549", "correlationVector":"rBj7TYs562eEayoFX2H4EQ.1","action":"SyncServerConnectionManagerRequest", "result":"SYNC_SERVER_OK", "context":{"environment":"Prod_japaneast_prod-s01-061-apac-japaneast", "migrationStage":"NotStarted", "server":"akswtt112000003"}}
{"logTime": "0328/171549", "correlationVector":"rBj7TYs562eEayoFX2H4EQ.2","action":"Commit Response", "result":"Success", "context":Result: Success. cV=rBj7TYs562eEayoFX2H4EQ.0;server=akswtt112000003;cloudType=Consumer;environment=Prod_japaneast_prod-s01-061-apac-japaneast;migrationStage=NotStarted}
{"logTime": "0328/171549", "correlationVector":"tJhp1KMtOdoOX5zk9T5o7L","action":"Commit Request", "result":"", "context":Item count: 40
Contributing types: Passwords}
{"logTime": "0328/171551", "correlationVector":"tJhp1KMtOdoOX5zk9T5o7L.1","action":"SyncServerConnectionManagerRequest", "result":"SYNC_SERVER_OK", "context":{"environment":"Prod_japaneast_prod-s01-061-apac-japaneast", "migrationStage":"NotStarted", "server":"akswtt11200001j"}}
{"logTime": "0328/171551", "correlationVector":"tJhp1KMtOdoOX5zk9T5o7L.2","action":"Commit Response", "result":"Success", "context":Result: Success. cV=tJhp1KMtOdoOX5zk9T5o7L.0;server=akswtt11200001j;cloudType=Consumer;environment=Prod_japaneast_prod-s01-061-apac-japaneast;migrationStage=NotStarted}
{"logTime": "0328/171551", "correlationVector":"DMqpuxMc6693NF2yK+7rd/","action":"Commit Request", "result":"", "context":Item count: 40
Contributing types: Passwords}
{"logTime": "0328/171552", "correlationVector":"DMqpuxMc6693NF2yK+7rd/.1","action":"SyncServerConnectionManagerRequest", "result":"SYNC_SERVER_OK", "context":{"environment":"Prod_japaneast_prod-s01-061-apac-japaneast", "migrationStage":"NotStarted", "server":"akswtt112000005"}}
{"logTime": "0328/171552", "correlationVector":"DMqpuxMc6693NF2yK+7rd/.2","action":"Commit Response", "result":"Success", "context":Result: Success. cV=DMqpuxMc6693NF2yK+7rd/.0;server=akswtt112000005;cloudType=Consumer;environment=Prod_japaneast_prod-s01-061-apac-japaneast;migrationStage=NotStarted}
{"logTime": "0328/171552", "correlationVector":"LVsGFfWSVi/IYq2OL7Q2gO","action":"Commit Request", "result":"", "context":Item count: 17
Contributing types: Preferences, Passwords}
{"logTime": "0328/171553", "correlationVector":"LVsGFfWSVi/IYq2OL7Q2gO.1","action":"SyncServerConnectionManagerRequest", "result":"SYNC_SERVER_OK", "context":{"environment":"Prod_japaneast_prod-s01-061-apac-japaneast", "migrationStage":"NotStarted", "server":"akswtt11200000s"}}
{"logTime": "0328/171553", "correlationVector":"LVsGFfWSVi/IYq2OL7Q2gO.2","action":"Commit Response", "result":"Success", "context":Result: Success. cV=LVsGFfWSVi/IYq2OL7Q2gO.0;server=akswtt11200000s;cloudType=Consumer;environment=Prod_japaneast_prod-s01-061-apac-japaneast;migrationStage=NotStarted}
{"logTime": "0328/171708", "correlationVector":"ZwgYxCu+TpVTmh3sg93b2M","action":"Commit Request", "result":"", "context":Item count: 40
Contributing types: Passwords}
{"logTime": "0328/171709", "correlationVector":"ZwgYxCu+TpVTmh3sg93b2M.1","action":"SyncServerConnectionManagerRequest", "result":"SYNC_SERVER_OK", "context":{"environment":"Prod_japaneast_prod-s01-061-apac-japaneast", "migrationStage":"NotStarted", "server":"akswtt112000007"}}
{"logTime": "0328/171709", "correlationVector":"ZwgYxCu+TpVTmh3sg93b2M.2","action":"Commit Response", "result":"Success", "context":Result: Success. cV=ZwgYxCu+TpVTmh3sg93b2M.0;server=akswtt112000007;cloudType=Consumer;environment=Prod_japaneast_prod-s01-061-apac-japaneast;migrationStage=NotStarted}
{"logTime": "0328/171709", "correlationVector":"c4diK5g4CM8aT5Sp6xCcX0","action":"Commit Request", "result":"", "context":Item count: 40
Contributing types: Passwords}
{"logTime": "0328/171710", "correlationVector":"c4diK5g4CM8aT5Sp6xCcX0.1","action":"SyncServerConnectionManagerRequest", "result":"SYNC_SERVER_OK", "context":{"environment":"Prod_japaneast_prod-s01-061-apac-japaneast", "migrationStage":"NotStarted", "server":"akswtt11200000f"}}
{"logTime": "0328/171710", "correlationVector":"c4diK5g4CM8aT5Sp6xCcX0.2","action":"Commit Response", "result":"Success", "context":Result: Success. cV=c4diK5g4CM8aT5Sp6xCcX0.0;server=akswtt11200000f;cloudType=Consumer;environment=Prod_japaneast_prod-s01-061-apac-japaneast;migrationStage=NotStarted}
{"logTime": "0328/171710", "correlationVector":"P/+kwg1YBzzXlFy6QsOwHG","action":"Commit Request", "result":"", "context":Item count: 40
Contributing types: Passwords}
{"logTime": "0328/171712", "correlationVector":"P/+kwg1YBzzXlFy6QsOwHG.1","action":"SyncServerConnectionManagerRequest", "result":"SYNC_SERVER_OK", "context":{"environment":"Prod_japaneast_prod-s01-061-apac-japaneast", "migrationStage":"NotStarted", "server":"akswtt11200000u"}}
{"logTime": "0328/171712", "correlationVector":"P/+kwg1YBzzXlFy6QsOwHG.2","action":"Commit Response", "result":"Success", "context":Result: Success. cV=P/+kwg1YBzzXlFy6QsOwHG.0;server=akswtt11200000u;cloudType=Consumer;environment=Prod_japaneast_prod-s01-061-apac-japaneast;migrationStage=NotStarted}
{"logTime": "0328/171712", "correlationVector":"BLKSlPcb0tdqqCMsxTXbKn","action":"Commit Request", "result":"", "context":Item count: 40
Contributing types: Passwords}
{"logTime": "0328/171713", "correlationVector":"BLKSlPcb0tdqqCMsxTXbKn.1","action":"SyncServerConnectionManagerRequest", "result":"SYNC_SERVER_OK", "context":{"environment":"Prod_japaneast_prod-s01-061-apac-japaneast", "migrationStage":"NotStarted", "server":"akswtt112000008"}}
{"logTime": "0328/171713", "correlationVector":"BLKSlPcb0tdqqCMsxTXbKn.2","action":"Commit Response", "result":"Success", "context":Result: Success. cV=BLKSlPcb0tdqqCMsxTXbKn.0;server=akswtt112000008;cloudType=Consumer;environment=Prod_japaneast_prod-s01-061-apac-japaneast;migrationStage=NotStarted}
{"logTime": "0328/171713", "correlationVector":"jUDNLP2FB/17OFnItdCHGE","action":"Commit Request", "result":"", "context":Item count: 40
Contributing types: Passwords}
{"logTime": "0328/171714", "correlationVector":"jUDNLP2FB/17OFnItdCHGE.1","action":"SyncServerConnectionManagerRequest", "result":"SYNC_SERVER_OK", "context":{"environment":"Prod_japaneast_prod-s01-061-apac-japaneast", "migrationStage":"NotStarted", "server":"akswtt11200001j"}}
{"logTime": "0328/171714", "correlationVector":"jUDNLP2FB/17OFnItdCHGE.2","action":"Commit Response", "result":"Success", "context":Result: Success. cV=jUDNLP2FB/17OFnItdCHGE.0;server=akswtt11200001j;cloudType=Consumer;environment=Prod_japaneast_prod-s01-061-apac-japaneast;migrationStage=NotStarted}
{"logTime": "0328/171714", "correlationVector":"pVKEONt6b1VqrtEp3FGWZP","action":"Commit Request", "result":"", "context":Item count: 22
Contributing types: Passwords}
{"logTime": "0328/171715", "correlationVector":"pVKEONt6b1VqrtEp3FGWZP.1","action":"SyncServerConnectionManagerRequest", "result":"SYNC_SERVER_OK", "context":{"environment":"Prod_japaneast_prod-s01-061-apac-japaneast", "migrationStage":"NotStarted", "server":"akswtt112000008"}}
{"logTime": "0328/171715", "correlationVector":"pVKEONt6b1VqrtEp3FGWZP.2","action":"Commit Response", "result":"Success", "context":Result: Success. cV=pVKEONt6b1VqrtEp3FGWZP.0;server=akswtt112000008;cloudType=Consumer;environment=Prod_japaneast_prod-s01-061-apac-japaneast;migrationStage=NotStarted}
